(1)：
stub code running!
Image size: 213776
 c0 
send_cmd:157
 00  02  10  00  00  00  00  00  00  50  03  00  35  00  00  00  00  10  00  00  00  00  01  00 
send_cmd:159
 c0 
send_cmd:161
check_response:220
check_response:222
resp_size--10--
check_response:227
recv:ch:c0==========++++
***********************recv:ch:c0--------
recv:data-----------------------
-01--02--02--00--00--00--00--00--c2--00-
recv:ch:c0--------
response->direction:01
response->command:02
Error: 
UNKNOWN ERROR

Flash start operation failed.




Image size: 213776
 c0 
send_cmd:157
 00  02  10  00  00  00  00  00  00  50  03  00  35  00  00  00  00  10  00  00  00  00  01  00 
send_cmd:159
 c0 
send_cmd:161
check_response:220
check_response:222
resp_size--10--
check_response:227
recv:ch:c0==========++++
***********************recv:ch:c0--------
recv:data-----------------------
-01--02--02--00--8e--0a--84--00--00--00-
recv:ch:c0--------
response->direction:01
response->command:02
check_response:243
 c0 
 00  03  10  00  cd  00  00  00  00  10  00  00  00  00  00  00  00  00  00  00  00  00  00  00 

 cause: 

 /* Error codes */
typedef enum {
  ESP_OK = 0,

  ESP_BAD_DATA_LEN = 0xC0,
  ESP_BAD_DATA_CHECKSUM = 0xC1,
  ESP_BAD_BLOCKSIZE = 0xC2,
  ESP_INVALID_COMMAND = 0xC3,
  ESP_FAILED_SPI_OP = 0xC4,
  ESP_FAILED_SPI_UNLOCK = 0xC5,
  ESP_NOT_IN_FLASH_MODE = 0xC6,
  ESP_INFLATE_ERROR = 0xC7,
  ESP_NOT_ENOUGH_DATA = 0xC8,
  ESP_TOO_MUCH_DATA = 0xC9,

  ESP_CMD_NOT_IMPLEMENTED = 0xFF,
} esp_command_error;

将数据块的大小改为 16384


(2):
error: 
***********************recv:ch:c0--------
recv:data-----------------------
-01--02--02--00--00--00--00--00--00--00-
recv:ch:c0--------
response->direction:01
response->command:02
check_response:243
 c0 
 00  03  10  00  86  00  00  00  00  40  00  00  00  00  00  00  00  00  00  00  00  00  00  00 
 e9  04  02  10  a0  65  21  40  10  00  21  40  20  e1  02  00  6e  76  73  5f  66  6c  61  73  68  5f  69  6e  69  74  28  29  20  3d  3d  20  30  00  00  00  73  74  61  72  74  75  70  2e  63  00  00  00  77  69  66  69  5f  6e  76  73  5f  69  6e  69  74  28  29  20  3d  3d  20  30  00  00  00  00  72  74  63  5f  69  6e  69  74  28  29  20  3d  3d  20  30  00  6d  61  63  5f  69  6e  69  74  28  29  20  3d  3d  20  30  00  62  61  73  65  5f  67  70  69  6f  5f  69  6e  69  74  28  29  20  3d  3d  20  30  00  00  00  77  69  66  69  5f  74  69  6d  65  72  5f  69  6e  69  74  28  29  20  3d  3d  20  30  00  00  75  69  54  00  78  54  61  73  

 recv:ch:c0==========++++
***********************recv:ch:c0--------
recv:data-----------------------
-01--03--02--00--00--00--00--00--c1--00-

NO ERROR:
recv:ch:c0--------
response->direction:01
response->command:02
check_response:243
 c0 
 00  03  10  00  cd  00  00  00  00  10  00  00  00  00  00  00  00  00  00  00  00  00  00  00 
 e9  04  02  10  a0  65  21  40  10  00  21  40  20  e1  02  00  6e  76  73  5f  66  6c  61  73  68  5f  69  6e  69  74  28  29  20  3d  3d  20  30  00  00  00  73  74  61  72  74  75  70  2e  63  00  00  00  77  69  66  69  5f  6e  76  73  5f  69  6e  69  74  28  29  20  3d  3d  20  30  00  00  00  00  72  74  63  5f  69  6e  69  74  28  29  20  3d  3d  20  30  00  6d  61  63  5f  69  6e  69  74  28  29  20  3d  3d  20  30  00  62  61  73  65  5f  67  70  69  6f  5f  69  6e  69  74  28  29  20  3d  3d  20  30  00  00  00  77  69  66  69  5f  74  69  6d  65  72  5f  69  6e  69  74  28  29  20  3d  3d  20  30  00  00  75  69  54  00  78  54  61  73  6b  43  72  65  61  74  65  28  75  73  65  72  5f  69  6e  69  74  5f  65  6e  74  72  79  2c  20  22  75  69  54  22  2c  20  43  4f  4e  46  49  47  5f  4d  41  49  4e  5f  54  41  53  4b  5f  53  54  41  43  4b  5f  53  49  5a  45  2c  20  4e  55  4c  4c  2c  20  63  6f  6e  66  69  67  4d  41  58  5f  50  52  49  4f  52  49  54  49  45  53  2c  20  4e  55  4c  4c  29  20  3d  3d  20  70  64  50  41  53  53  00  00  00  00  75  73  65  72  5f  69  6e  69  74  5f  65  6e  74  72  79  00  63  61  6c  6c  5f  75  73  65  72  5f  73  74  61  72  74  00  52  54  43  20  72  65  73  65  74  20  25  75  20  77  61  6b  65  75  70  20  25  75  20  73  74  6f  72  65  20  25  75  2c  20  72  65  61  73  6f  6e  20  69  73  20  25  75  00  00  00  72  65  73  65  74  5f  72  65  61  73  6f  6e  00  00  00  00  f6  66  21  40 
 db  dc 
 66  21  40  c8  66  21  40  d0  66  21  40  fb  66  21  40  bb  66  21  40  f1  66  21  40  63  61  6c  5f  64  61  74  61  00  00  00  00  25  73  3a  20  66  61  69  6c  65  64  20  74  6f  20  67  65  74  20  63  61  6c  5f  64  61  74  61  28  30  78  25  78  29  00  00  00  00  70  68  79  5f  69  6e  69  74  00  00  00  00  64  63  5f  74  61  62  6c  65  00  00  00  00  25  73  3a  20  66  61  69  6c  65  64  20  74  6f  20  67  65  74  20  72  78  5f  67  61  69  6e  5f  64  63  5f  74  61  62  6c  65  28  30  78  25  78  29  00  00  00  00  25  73  3a  20  73  74  6f  72  65  20  63  61  6c  69  62  72  61  74  69  6f  6e  20  64  61  74  61  20  66  61  69  6c  65  64  28  30  78  25  78  29  0a  00  00  00  00  25  73  3a  20  73  74  6f  72  65  20  72  78  20  67  61  69  6e  20  64  63  20  74  61  62  6c  65  20  66  61  69  6c  65  64  28  30  78  25  78  29  0a  00  00  00  00  25  73  3a  20  73  74  6f  72  65  20  63  61  6c  69  62  72  61  74  69  6f  6e  20  6e  76  73  20  63  6f  6d  6d  69  74  20  66  61  69  6c  65  64  28  30  78  25  78  29  0a  00  00  70  68  79  00  25  73  3a  20  4e  56  53  20  68  61  73  20  6e  6f  74  20  62  65  65  6e  20  69  6e  69  74  69  61  6c  69  7a  65  64  2e  20  43  61  6c  6c  20  6e  76  73  5f  66  6c  61  73  68  5f  69  6e  69  74  20  62  65  66  6f  72  65  20  73  74  61  72  74  69  6e  67  20  57  69  46  69  2f  42  54  2e  00  00  70  68  79  20  76  65  72  3a  20  25  64  5f  25  64  00  00  73  61  76  69  6e  67  20  6e  65  77  20  63  61  6c  69  62  72  61  74  69  6f  6e  20  64  61  74  61  20  62  65  63  61  75  73  65  20  6f  66  20  63  68  65  63  6b  73  75  6d  20  66  61  69  6c  75  72  65  2c  20  6d  6f  64  65  28  25  64  29  00  00  00  66  61  69  6c  65  64  20  74  6f  20  61  6c  6c  6f  63  61  74  65  20  6d  65  6d  6f  72  79  20  66  6f  72  20  52  46  20  63  61  6c  69  62  72  61  74  69  6f  6e  20  64  61  74  61  00  00  00  66  61  69  6c  65  64  20  74  6f  20  6f  62  74  61  69  6e  20  50  48  59  20  69  6e  69  74  20  64  61  74  61  00  00  66  61  69  6c  65  64  20  74  6f  20  6c  6f  61  64  20  52  46  20  63  61  6c  69  62  72  61  74  69  6f  6e  20  64  61  74  61  20  28  30  78  25  78  29  2c  20  66  61  6c  6c  69  6e  67  20  62  61  63  6b  20  74  6f  20  66  75  6c  6c  20  63  61  6c  69  62  72  61  74  69  6f  6e  00  50  6c  65  61  73  65  20  73  65  74  20  56  44  44  33  33  20  63  6f  6e  73  74  20  74  6f  20  30  78  66  66  00  00  73  74  6f  72  65  5f  63  61  6c  5f  64  61  74  61  5f  74  6f  5f  6e  76  73  5f  68  61  6e  64  6c  65  00  00  00  00  6c  6f  61  64  5f  63  61  6c  5f  64  61  74  61  5f  66  72  6f  6d  5f  6e  76  73  5f  68  61  6e  64  6c  65  00  00  00  65  73  70  5f  70  68  79  5f  6c  6f  61  64  5f  63  61  6c  5f  64  61  74  61  5f  66  72  6f  6d  5f  6e  76  73  00  00  05  00  04  02  05  05  05  02  05  00  04  05  05  04  05  05  04  fe  fd  ff  f0  f0  f0  e0  e0  e0  e1  0a  ff  ff  f8  00  f8  f8  50  4e  4a  44  40  38  00  00  01  01  02  03  04  05  01  00  00  00  00  00  02  00  00  00  00  00  00  00  00  00  e1  0a  00  00  00  00  00  00  00  00  01  93  43  00  00  00  00  00  00  00  00  00  00  00  00  00  00  00  00  00  00  00  00  00  00  00  00  00  00  00  00  00  00  21  00  00  00  00  00  00  01  00  00  00  00  00  00  00  00  00  00  00  00  00  6d  61  63  20  61  64  64  72  65  73  73  20  70  61  72  61  6d  20  69  73  20  4e  55  4c  4c  00  00  00  73  79  73  74  65  6d  5f  61  70  69  00  00  62  61  63  6b  75  70  5f  6d  61  63  00  00  62  61  63  6b  75  70  5f  6d  61  63  5f  64  61  74  61  00  48  69  67  68  20  4d  41  43  20  43  52  43  20  65  72  72  6f  72  2c  20  65  66  75  73  65  5f  63  72  63  20  3d  20  30  78  25  30  32  78  3b  20  63  61  6c  63  5f  63  72  63  20  3d  20  30  78  25  30  32  78  00  00  00  43  52  43  38  20  65  72  72  6f  72  2c  20  65  66  75  73  65  5f  63  72  63  20  3d  20  30  78  25  30  32  78  3b  20  63  61  6c  63  5f  63  72  63  20  3d  20  30  78  25  30  32  78  00  00  00  25  73  3a  20  73  74  6f  72  65  20  62  61  63  6b  75  70  20  6d  61  63  20  64  61  74  61  20  66  61  69  6c  65  64  28  30  78  25  78  29  0a  00  42  61  73  65  20  4d  41  43  20  61  64  64  72  65  73  73  20  69  73  20  4e  55  4c  4c  00  00  00  00  42  61  73  65  20  4d  41  43  20  61  64  64  72  65  73  73  20  69  73  20  6e  6f  74  20  73  65  74  2c  20  72  65  61  64  20  64  65  66  61  75  6c  74  20  62  61  73  65  20  4d  41  43  20  61  64  64  72  65  73  73  20  66  72  6f  6d  20  42  4c  4b  30  20  6f  66  20  45  46  55  53  45  00  00  00  6d  61  63  20  74  79  70  65  20  69  73  20  69  6e  63  6f  72  72  65  63  74  00  00  00  47  65  74  20  6d  61  63  20  61  64  64  72  65  73  73  20  65  72  72  6f  72  00  00  00  69  6e  63  6f  72  72  65  63  74  20  6d  61  63  20  74  79  70  65  00  00  76  33  2e  32  2d  33  38  2d  67  65  36  37  63  32  63  35  61  2d  64  69  72  74  79  00  73  74  6f  72  65  5f  62  61  63  6b  75  70  5f  6d  61  63  5f  64  61  74  61  00  00  00  6c  6f  61  64  5f  62  61  63  6b  75  70  5f  6d  61  63  5f  64  61  74  61  00  74  69  6d  00  25  73  20  25  75  0a  00  54  5f  52  3a  25  70  0a  00  54  49  4d  51  5f  4e  55  4c  00  77  69  66  69  00  54  49  4d  51  5f  46  4c  3a  25  64  21  21  00  74  69  6d  65  72  3a  25  70  20  63  62  20  69  73  20  6e  75  6c  6c  00  65  72  72  31  2c  65  78  63  65  65  64  20  6d  61  78  20  74  69  6d  65  20  76  61  6c  75  65  2c  6d  61  78  20  76  61  6c  20  69  73  20  25  30  38  58  00  65  72  72  32  2c  65  78  63  65  65  64  20  6d  61  78  20  74  69  6d  65  20  76  61  6c  75  65  2c  6d  61  78  20  76  61  6c  20  69  73  20  25  30  38  58  00  72  74  54  00  44  45  46  45  52  52  45  44  20  46  55  4e  43  20  4e  55  4d  42  45  52  20  49  53  20  42  49  47  47  45  52  20  54  48  41  4e  20  31  30  00  43  4c  4b  3a  73  77  69  74  63  68  20  53  6f  43  20  46  72  65  71  75  65  6e  63  79  20  74  6f  20  38  30  4d  48  7a  20  66  61  69  6c  00  75  73  65  72  5f  69  6e  74  65  72  66  61  63  65  2e  63  00  25  73  3a  20  57  45  50  20  64  61  74  61  20  66  72  61  6d  65  20  74  6f  6f  20  73  68  6f  72  74  2c  20  6c  65  6e  20  25  75  00  69  65  65  65  38  30  32  31  31  5f  63  72  79  70  74  6f  5f  64  65  63  61  70  00  69  65  65  65  38  30  32  31  31  5f  68  6f  73  74  61  70  2e  63  00  18  fe  34  00  73  65  6e  64  20  53  59  53  54  45  4d  5f  45  56  45  4e  54  5f  41  50  5f  50  52  4f  42  45  52  45  51  52  45  43  56  45  44  20  65  72  72  6f  72  00  2c  01  00  6e  6f  20  62  75  66  20  66  6f  72  20  61  63  74  69  6f  6e  20  66  72  61  6d  65  00  69  65  65  65  38  30  32  31  31  5f  69  6e  70  75  74  2e  63  00  45  53  50  5f  25  30  32  58  25  30  32  58  25  30  32  58  00  69  65  65  65  38  30  32  31  31  5f  6e  76  73  2e  63  00  6e  76  73  2e  6e  65  74  38  30  32  31  31  00  6f  70  6d  6f  64  65  00  00  00  00  00  00  00  00  00  00  00  00  00  00  00  00  00  00  00  00  00  00  00  00  00  00  00  00  01  00  00  00  00  00  03  00  00  00  02  00  00  00  d4  86  fe  3f  73  74  61  2e  73  73  69  64  00  00  00  00  00  00  00  00  00  00  00  00  00  00  00  00  00  00  00  00  00  00  00  00  01  07  24  00  00  00  00  00  00  00  00  00  00  00  00  00  d8  86  fe  3f  73  74  61  2e  6d  61  63  00  00  00  00  00  00  00  00  00  00  00  00  00  00  00  00  00  00  00  00  00  00  00  00  00  02  07  06  00  00  00  00  00  00  00  00  00  00  00  00  00  fc  86  fe  3f  73  74  61  2e  61  75  74  68  6d  6f  64  65  00  00  00  00  00  00  00  00  00  00  00  00  00  00  00  00  00  00  00  00  03  00  01  00  01  00  00  00  07  00  00  00  01  00  00  00  02  87  fe  3f  73  74  61  2e  70  73  77  64  00  00  00  00  00  00  00  00  00  00  00  00  00  00  00  00  00  00  00  00  00  00  00  00  04  06  41  00  00  00  00  00  00  00  00  00  00  00  00  00  03  87  fe  3f  73  74  61  2e  70  6d  6b  00  00  00  00  00  00  00  00  00  00  00  00  00  00  00  00  00  00  00  00  00  00  00  00  00  05  07  20  00  00  00  00  00  00  00  00  00  00  00  00  00  44  87  fe  3f  73  74  61  2e  63  68  61  6e  00  00  00  00  00  00  00  00  00  00  00  00  00  00  00  00  00  00  00  00  00  00  00  00  06  00  01  00  00  00  00  00  0e  00  00  00  00  00  00  00  64  87  fe  3f  61  75  74  6f  2e  63  6f  6e  6e  00  00  00  00  00  00  00  00  00  00  00  00  00  00  00  00  00  00  00  00  00  00  00  07  00  01  00  00  00  00  00  01  00  00  00  01  00  00  00  65  87  fe  3f  62  73  73  69  64  2e  73  65  74  00  00  00  00  00  00  00  00  00  00  00  00  00  00  00  00  00  00  00  00  00  00  00  08  00  01  00  00  00  00  00  01  00  00  00  00  00  00  00  66  87  fe  3f  73  74  61  2e  62  73  73  69  64  00  00  00  00  00  00  00  00  00  00  00  00  00  00  00  00  00  00  00  00  00  00  00  09  07  06  00  00  00  00  00  00  00  00  00  00  00  00  00  67  87  fe  3f  73  74  61  2e  6c  69  73  5f  69  6e  74  76  61  6c  00  00  00  00  00  00  00  00  00  00  00  00  00  00  00  00  00  00  0a  02  02  00  01  00  00  00  ff  ff  00  00  03  00  00  00  6e  87  fe  3f  73  74  61  2e  70  68  79  6d  00  00  00  00  00  00  00  00  00  00  00  00  00  00  00  00  00  00  00  00  00  00  00  00  0b  00  01  00  01  00  00  00  04  00  00  00  02  00  00  00  70  87  fe  3f  73  74  61  2e  70  68  79  62  77  00  00  00  00  00  00  00  00  00  00  00  00  00  00  00  00  00  00  00  00  00  00  00  0c  00  01  00  01  00  00  00  01  00  00  00  01  00  00  00  71  87  fe  3f  73  74  61  2e  61  70  73  77  00  00  00  00  00  00  00  00  00  00  00  00  00  00  00  00  00  00  00  00  00  00  00  00  0d  07  02  00  00  00  00  00  00  00  00  00  00  00  00  00  72  87  fe  3f  73  74  61  2e  61  70  69  6e  66  6f  00  00  00  00  00  00  00  00  00  00  00  00  00  00  00  00  00  00  00  00  00  00  0e  07  bc  02  00  00  00  00  00  00  00  00  00  00  00  00  74  87  fe  3f  73  74  61  2e  73  63  61  6e  5f  6d  65  74  68  6f  64  00  00  00  00  00  00  00  00  00  00  00  00  00  00  00  00  00  0f  00  01  00  00  00  00  00  01  00  00  00  00  00  00  00  30  8a  fe  3f  73  74  61  2e  73  6f  72  74  5f  6d  65  74  68  6f  64  00  00  00  00  00  00  00  00  00  00  00  00  00  00  00  00  00  10  00  01  00  00  00  00  00  01  00  00  00  00  00  00  00  31  8a  fe  3f  73  74  61  2e  6d  69  6e  72  73  73  69  00  00  00  00  00  00  00  00  00  00  00  00  00  00  00  00  00  00  00  00  00  11  01  01  00  81  ff  ff  ff  00  00  00  00  81  ff  ff  ff  32  8a  fe  3f  73  74  61  2e  6d  69  6e  61  75  74  68  00  00  00  00  00  00  00  00  00  00  00  00  00  00  00  00  00  00  00  00  00  12  00  01  00  00  00  00  00  04  00  00  00  00  00  00  00  33  8a  fe  3f  61  70  2e  73  73  69  64  00  00  00  00  00  00  00  00  00  00  00  00  00  00  00  00  00  00  00  00  00  00  00  00  00  13  07  24  00  00  00  00  00  00  00  00  00  00  00  00  00  34  8a  fe  3f  61  70  2e  6d  61  63  00  00  00  00  00  00  00  00  00  00  00  00  00  00  00  00  00  00  00  00  00  00  00  00  00  00  14  07  06  00  00  00  00  00  00  00  00  00  00  00  00  00  58  8a  fe  3f  61  70  2e  70  61  73  73  77  64  00  00  00  00  00  00  00  00  00  00  00  00  00  00  00  00  00  00  00  00  00  00  00  15  06  41  00  00  00  00  00  00  00  00  00  00  00  00  00  5e  8a  fe  3f  61  70  2e  70  6d  6b  00  00  00  00  00  00  00  00  00  00  00  00  00  00  00  00  00  00  00  00  00  00  00  00  00  00  16  07  20  00  00  00  00  00  00  00  00  00  00  00  00  00  9f  8a  fe  3f  61  70  2e  63  68  61  6e  00  00  00  00  00  00  00  00  00  00  00  00  00  00  00  00  00  00  00  00  00  00  00  00  00  17  00  01  00  01  00  00  00  0e  00  00  00  01  00  00  00  bf  8a  fe  3f  61  70  2e  61  75  74  68  6d  6f  64  65  00  00  00  00  00  00  00  00  00  00  00  00  00  00  00  00  00  00  00  00  00  18  00  01  00  00  00  00  00  05  00  00  00  00  00  00  00 
 db  dc 
 8a  fe  3f  61  70  2e  68  69  64  64  65  6e  00  00  00  00  00  00  00  00  00  00  00  00  00  00  00  00  00  00  00  00  00  00  00  19  00  01  00  00  00  00  00  01  00  00  00  00  00  00  00  c1  8a  fe  3f  61  70  2e  6d  61  78  2e  63  6f  6e  6e  00  00  00  00  00  00  00  00  00  00  00  00  00  00  00  00  00  00  00  00  00  1a  00  01  00  01  00  00  00  0a  00  00  00  04  00  00  00  c2  8a  fe  3f  62  63  6e  2e  69  6e  74  65  72  76  61  6c  00  00  00  00  00  00  00  00  00  00  00  00  00  00  00  00  00  00  00  00  1b  02  02  00  0a  00  00  00  ff  ff  00  00  64  00  00  00  c4  8a  fe  3f  61  70  2e  70  68  79  6d  00  00  00  00  00  00  00  00  00  00  00  00  00  00  00  00  00  00  00  00  00  00  00  00  00  1c  00  01  00  01  00  00  00  03  00  00  00  02  00  00  00  c6  8a  fe  3f  61  70  2e  70  68  79  62  77  00  00  00  00  00  00  00  00  00  00  00  00  00  00  00  00  00  00  00  00  00  00  00  00  1d  00  01  00  01  00  00  00  01  00  00  00  01  00  00  00  c7  8a  fe  3f  61  70  2e  73  6e  64  63  68  61  6e  00  00  00  00  00  00  00  00  00  00  00  00  00  00  00  00  00  00  00  00  00  00  1e  00  01  00  00  00  00  00  01  00  00  00  01  00  00  00  c8  8a  fe  3f  6c  6f  72  61  74  65  00  00  00  00  00  00  00  00  00  00  00  00  00  00  00  00  00  00  00  00  00  00  00  00  00  00  1f  00  00  00  00  00  00  00  01  00  00  00  00  00  00  00  d6  86  fe  3f  6e  6f  20  62  75  66  20  66  6f  72  20  70  72  6f  62  65  2c  20  69  65  20  6c  65  6e  20  25  64  00  69  65  65  65  38  30  32  31  31  5f  73  63  61  6e  2e  63  00  73  65  6e  64  20  53  59  53  54  45  4d  5f  45  56  45  4e  54  5f  53  43  41  4e  5f  44  4f  4e  45  20  65  72  72  6f  72  00  73  65  6e  64  20  53  59  53  54  45  4d  5f  45  56  45  4e  54  5f  53  54  41  5f  44  49  53  43  4f  4e  4e  45  43  54  45  44  20  65  72  72  6f  72  00  69  65  65  65  38  30  32  31  31  5f  73  74  61  2e  63  00  73  65  6e  64  20  53  59  53  54  45  4d  5f  45  56  45  4e  54  5f  53  54  41  5f  53  54  41  52  54  20  65  72  72  6f  72  00  73  65  6e  64  20  53  59  53  54  45  4d  5f  45  56  45  4e  54  5f  53  54  41  5f  41  55  54  48  4d  4f  44  45  5f  43  48  41  4e  47  45  20  65  72  72  6f  72  00  77  6c  5f  63  6e  78  2e  63  00  73  65  6e  64  20  53  59  53  54  45  4d  5f  45  56  45  4e  54  5f  41  50  5f  53  54  41  44  49  53  43  4f  4e  4e  45  43  54  45  44  20  66  61  69  6c  65  64  00  73 
 c0 
check_response:220
check_response:222
resp_size--10--
check_response:227
recv:ch:c0==========++++
***********************recv:ch:c0--------
recv:data-----------------------
-01--03--02--00--8e--0a--84--00--00--00-